{"/Users/sophie/Desktop/Backend/src/index.ts": {"path":"/Users/sophie/Desktop/Backend/src/index.ts","statementMap":{"0":{"start":{"line":1,"column":0},"end":{"line":1,"column":30}},"1":{"start":{"line":2,"column":0},"end":{"line":2,"column":37}},"2":{"start":{"line":3,"column":0},"end":{"line":3,"column":28}},"3":{"start":{"line":5,"column":0},"end":{"line":5,"column":36}},"4":{"start":{"line":6,"column":0},"end":{"line":6,"column":32}},"5":{"start":{"line":7,"column":12},"end":{"line":7,"column":21}},"6":{"start":{"line":8,"column":0},"end":{"line":8,"column":16}},"7":{"start":{"line":9,"column":0},"end":{"line":9,"column":43}},"8":{"start":{"line":10,"column":0},"end":{"line":10,"column":63}},"9":{"start":{"line":13,"column":0},"end":{"line":13,"column":27}},"10":{"start":{"line":14,"column":0},"end":{"line":14,"column":70}},"11":{"start":{"line":15,"column":0},"end":{"line":15,"column":29}},"12":{"start":{"line":20,"column":30},"end":{"line":20,"column":54}},"13":{"start":{"line":21,"column":25},"end":{"line":21,"column":123}},"14":{"start":{"line":23,"column":0},"end":{"line":26,"column":3}},"15":{"start":{"line":24,"column":0},"end":{"line":26,"column":3}},"16":{"start":{"line":25,"column":4},"end":{"line":25,"column":48}},"17":{"start":{"line":29,"column":0},"end":{"line":35,"column":7}},"18":{"start":{"line":31,"column":8},"end":{"line":31,"column":55}},"19":{"start":{"line":34,"column":8},"end":{"line":34,"column":27}},"20":{"start":{"line":38,"column":0},"end":{"line":38,"column":19}},"21":{"start":{"line":42,"column":4},"end":{"line":42,"column":49}}},"fnMap":{"0":{"name":"(anonymous_1)","decl":{"start":{"line":24,"column":16},"end":{"line":24,"column":18}},"loc":{"start":{"line":24,"column":20},"end":{"line":26,"column":1}}},"1":{"name":"(anonymous_2)","decl":{"start":{"line":30,"column":10},"end":{"line":30,"column":13}},"loc":{"start":{"line":30,"column":15},"end":{"line":32,"column":5}}},"2":{"name":"(anonymous_3)","decl":{"start":{"line":33,"column":11},"end":{"line":33,"column":12}},"loc":{"start":{"line":33,"column":21},"end":{"line":35,"column":5}}},"3":{"name":"cors","decl":{"start":{"line":41,"column":9},"end":{"line":41,"column":13}},"loc":{"start":{"line":41,"column":13},"end":{"line":43,"column":1}}}},"branchMap":{"0":{"loc":{"start":{"line":20,"column":30},"end":{"line":20,"column":54}},"type":"binary-expr","locations":[{"start":{"line":20,"column":30},"end":{"line":20,"column":46}},{"start":{"line":20,"column":50},"end":{"line":20,"column":54}}]},"1":{"loc":{"start":{"line":21,"column":25},"end":{"line":21,"column":123}},"type":"binary-expr","locations":[{"start":{"line":21,"column":25},"end":{"line":21,"column":45}},{"start":{"line":21,"column":49},"end":{"line":21,"column":123}}]},"2":{"loc":{"start":{"line":23,"column":0},"end":{"line":26,"column":3}},"type":"if","locations":[{"start":{"line":23,"column":0},"end":{"line":26,"column":3}}]}},"s":{"0":1,"1":1,"2":1,"3":1,"4":1,"5":1,"6":1,"7":1,"8":1,"9":1,"10":1,"11":1,"12":1,"13":1,"14":1,"15":0,"16":0,"17":1,"18":1,"19":0,"20":1,"21":0},"f":{"0":0,"1":1,"2":0,"3":0},"b":{"0":[1,0],"1":[1,0],"2":[0]}}
,"/Users/sophie/Desktop/Backend/src/controller/blogcontroller.ts": {"path":"/Users/sophie/Desktop/Backend/src/controller/blogcontroller.ts","statementMap":{"0":{"start":{"line":2,"column":0},"end":{"line":2,"column":38}},"1":{"start":{"line":3,"column":0},"end":{"line":3,"column":49}},"2":{"start":{"line":4,"column":0},"end":{"line":4,"column":45}},"3":{"start":{"line":8,"column":4},"end":{"line":22,"column":5}},"4":{"start":{"line":9,"column":19},"end":{"line":9,"column":36}},"5":{"start":{"line":10,"column":6},"end":{"line":19,"column":7}},"6":{"start":{"line":11,"column":8},"end":{"line":16,"column":10}},"7":{"start":{"line":18,"column":8},"end":{"line":18,"column":56}},"8":{"start":{"line":21,"column":6},"end":{"line":21,"column":62}},"9":{"start":{"line":26,"column":4},"end":{"line":36,"column":5}},"10":{"start":{"line":27,"column":20},"end":{"line":27,"column":54}},"11":{"start":{"line":29,"column":6},"end":{"line":33,"column":7}},"12":{"start":{"line":30,"column":8},"end":{"line":30,"column":56}},"13":{"start":{"line":32,"column":8},"end":{"line":32,"column":75}},"14":{"start":{"line":35,"column":6},"end":{"line":35,"column":62}},"15":{"start":{"line":40,"column":4},"end":{"line":53,"column":5}},"16":{"start":{"line":41,"column":23},"end":{"line":41,"column":31}},"17":{"start":{"line":42,"column":14},"end":{"line":42,"column":28}},"18":{"start":{"line":43,"column":20},"end":{"line":43,"column":53}},"19":{"start":{"line":44,"column":6},"end":{"line":44,"column":25}},"20":{"start":{"line":46,"column":6},"end":{"line":50,"column":7}},"21":{"start":{"line":47,"column":8},"end":{"line":47,"column":78}},"22":{"start":{"line":49,"column":8},"end":{"line":49,"column":62}},"23":{"start":{"line":52,"column":6},"end":{"line":52,"column":62}},"24":{"start":{"line":57,"column":4},"end":{"line":68,"column":5}},"25":{"start":{"line":58,"column":20},"end":{"line":60,"column":8}},"26":{"start":{"line":61,"column":6},"end":{"line":65,"column":7}},"27":{"start":{"line":62,"column":8},"end":{"line":62,"column":76}},"28":{"start":{"line":64,"column":8},"end":{"line":64,"column":56}},"29":{"start":{"line":67,"column":6},"end":{"line":67,"column":62}},"30":{"start":{"line":72,"column":4},"end":{"line":81,"column":5}},"31":{"start":{"line":73,"column":20},"end":{"line":73,"column":63}},"32":{"start":{"line":74,"column":6},"end":{"line":78,"column":7}},"33":{"start":{"line":75,"column":8},"end":{"line":75,"column":76}},"34":{"start":{"line":77,"column":8},"end":{"line":77,"column":56}},"35":{"start":{"line":80,"column":6},"end":{"line":80,"column":62}},"36":{"start":{"line":84,"column":0},"end":{"line":84,"column":30}}},"fnMap":{"0":{"name":"(anonymous_1)","decl":{"start":{"line":7,"column":9},"end":{"line":7,"column":15}},"loc":{"start":{"line":7,"column":57},"end":{"line":23,"column":3}}},"1":{"name":"(anonymous_2)","decl":{"start":{"line":25,"column":9},"end":{"line":25,"column":15}},"loc":{"start":{"line":25,"column":58},"end":{"line":37,"column":3}}},"2":{"name":"(anonymous_3)","decl":{"start":{"line":39,"column":9},"end":{"line":39,"column":15}},"loc":{"start":{"line":39,"column":60},"end":{"line":54,"column":3}}},"3":{"name":"(anonymous_4)","decl":{"start":{"line":56,"column":9},"end":{"line":56,"column":15}},"loc":{"start":{"line":56,"column":60},"end":{"line":69,"column":3}}},"4":{"name":"(anonymous_5)","decl":{"start":{"line":71,"column":9},"end":{"line":71,"column":15}},"loc":{"start":{"line":71,"column":60},"end":{"line":82,"column":3}}}},"branchMap":{"0":{"loc":{"start":{"line":10,"column":6},"end":{"line":19,"column":7}},"type":"if","locations":[{"start":{"line":10,"column":6},"end":{"line":19,"column":7}},{"start":{"line":17,"column":13},"end":{"line":19,"column":7}}]},"1":{"loc":{"start":{"line":29,"column":6},"end":{"line":33,"column":7}},"type":"if","locations":[{"start":{"line":29,"column":6},"end":{"line":33,"column":7}},{"start":{"line":31,"column":13},"end":{"line":33,"column":7}}]},"2":{"loc":{"start":{"line":46,"column":6},"end":{"line":50,"column":7}},"type":"if","locations":[{"start":{"line":46,"column":6},"end":{"line":50,"column":7}},{"start":{"line":48,"column":13},"end":{"line":50,"column":7}}]},"3":{"loc":{"start":{"line":61,"column":6},"end":{"line":65,"column":7}},"type":"if","locations":[{"start":{"line":61,"column":6},"end":{"line":65,"column":7}},{"start":{"line":63,"column":13},"end":{"line":65,"column":7}}]},"4":{"loc":{"start":{"line":74,"column":6},"end":{"line":78,"column":7}},"type":"if","locations":[{"start":{"line":74,"column":6},"end":{"line":78,"column":7}},{"start":{"line":76,"column":13},"end":{"line":78,"column":7}}]}},"s":{"0":1,"1":1,"2":1,"3":2,"4":2,"5":2,"6":2,"7":0,"8":0,"9":0,"10":0,"11":0,"12":0,"13":0,"14":0,"15":1,"16":1,"17":1,"18":1,"19":1,"20":1,"21":1,"22":0,"23":0,"24":2,"25":2,"26":1,"27":1,"28":0,"29":1,"30":1,"31":1,"32":1,"33":1,"34":0,"35":0,"36":1},"f":{"0":2,"1":0,"2":1,"3":2,"4":1},"b":{"0":[2,0],"1":[0,0],"2":[1,0],"3":[1,0],"4":[1,0]}}
,"/Users/sophie/Desktop/Backend/src/controller/commentcontroller.ts": {"path":"/Users/sophie/Desktop/Backend/src/controller/commentcontroller.ts","statementMap":{"0":{"start":{"line":2,"column":0},"end":{"line":2,"column":43}},"1":{"start":{"line":3,"column":0},"end":{"line":3,"column":37}},"2":{"start":{"line":4,"column":0},"end":{"line":4,"column":44}},"3":{"start":{"line":5,"column":0},"end":{"line":5,"column":48}},"4":{"start":{"line":8,"column":10},"end":{"line":20,"column":11}},"5":{"start":{"line":9,"column":25},"end":{"line":9,"column":42}},"6":{"start":{"line":10,"column":12},"end":{"line":10,"column":null}},"7":{"start":{"line":11,"column":28},"end":{"line":11,"column":58}},"8":{"start":{"line":12,"column":25},"end":{"line":12,"column":99}},"9":{"start":{"line":13,"column":12},"end":{"line":17,"column":13}},"10":{"start":{"line":14,"column":16},"end":{"line":14,"column":null}},"11":{"start":{"line":16,"column":16},"end":{"line":16,"column":null}},"12":{"start":{"line":19,"column":13},"end":{"line":19,"column":null}},"13":{"start":{"line":24,"column":8},"end":{"line":33,"column":9}},"14":{"start":{"line":25,"column":28},"end":{"line":25,"column":65}},"15":{"start":{"line":26,"column":12},"end":{"line":30,"column":13}},"16":{"start":{"line":27,"column":12},"end":{"line":27,"column":63}},"17":{"start":{"line":29,"column":12},"end":{"line":29,"column":83}},"18":{"start":{"line":32,"column":12},"end":{"line":32,"column":68}},"19":{"start":{"line":36,"column":12},"end":{"line":50,"column":9}},"20":{"start":{"line":37,"column":27},"end":{"line":37,"column":47}},"21":{"start":{"line":38,"column":13},"end":{"line":47,"column":13}},"22":{"start":{"line":39,"column":13},"end":{"line":44,"column":13}},"23":{"start":{"line":46,"column":12},"end":{"line":46,"column":62}},"24":{"start":{"line":49,"column":9},"end":{"line":49,"column":65}},"25":{"start":{"line":53,"column":4},"end":{"line":64,"column":5}},"26":{"start":{"line":54,"column":22},"end":{"line":56,"column":8}},"27":{"start":{"line":57,"column":6},"end":{"line":61,"column":7}},"28":{"start":{"line":58,"column":8},"end":{"line":58,"column":81}},"29":{"start":{"line":60,"column":8},"end":{"line":60,"column":59}},"30":{"start":{"line":63,"column":6},"end":{"line":63,"column":62}},"31":{"start":{"line":67,"column":4},"end":{"line":76,"column":5}},"32":{"start":{"line":68,"column":22},"end":{"line":68,"column":68}},"33":{"start":{"line":69,"column":6},"end":{"line":73,"column":7}},"34":{"start":{"line":70,"column":8},"end":{"line":70,"column":80}},"35":{"start":{"line":72,"column":8},"end":{"line":72,"column":59}},"36":{"start":{"line":75,"column":6},"end":{"line":75,"column":62}},"37":{"start":{"line":81,"column":8},"end":{"line":81,"column":25}}},"fnMap":{"0":{"name":"(anonymous_1)","decl":{"start":{"line":7,"column":11},"end":{"line":7,"column":17}},"loc":{"start":{"line":7,"column":62},"end":{"line":21,"column":5}}},"1":{"name":"(anonymous_2)","decl":{"start":{"line":23,"column":10},"end":{"line":23,"column":16}},"loc":{"start":{"line":23,"column":61},"end":{"line":34,"column":5}}},"2":{"name":"(anonymous_3)","decl":{"start":{"line":35,"column":11},"end":{"line":35,"column":17}},"loc":{"start":{"line":35,"column":63},"end":{"line":51,"column":4}}},"3":{"name":"(anonymous_4)","decl":{"start":{"line":52,"column":10},"end":{"line":52,"column":16}},"loc":{"start":{"line":52,"column":64},"end":{"line":65,"column":3}}},"4":{"name":"(anonymous_5)","decl":{"start":{"line":66,"column":9},"end":{"line":66,"column":15}},"loc":{"start":{"line":66,"column":63},"end":{"line":77,"column":3}}}},"branchMap":{"0":{"loc":{"start":{"line":13,"column":12},"end":{"line":17,"column":13}},"type":"if","locations":[{"start":{"line":13,"column":12},"end":{"line":17,"column":13}},{"start":{"line":15,"column":17},"end":{"line":17,"column":13}}]},"1":{"loc":{"start":{"line":26,"column":12},"end":{"line":30,"column":13}},"type":"if","locations":[{"start":{"line":26,"column":12},"end":{"line":30,"column":13}},{"start":{"line":28,"column":19},"end":{"line":30,"column":13}}]},"2":{"loc":{"start":{"line":38,"column":13},"end":{"line":47,"column":13}},"type":"if","locations":[{"start":{"line":38,"column":13},"end":{"line":47,"column":13}},{"start":{"line":45,"column":18},"end":{"line":47,"column":13}}]},"3":{"loc":{"start":{"line":57,"column":6},"end":{"line":61,"column":7}},"type":"if","locations":[{"start":{"line":57,"column":6},"end":{"line":61,"column":7}},{"start":{"line":59,"column":13},"end":{"line":61,"column":7}}]},"4":{"loc":{"start":{"line":69,"column":6},"end":{"line":73,"column":7}},"type":"if","locations":[{"start":{"line":69,"column":6},"end":{"line":73,"column":7}},{"start":{"line":71,"column":13},"end":{"line":73,"column":7}}]}},"s":{"0":1,"1":1,"2":1,"3":1,"4":0,"5":0,"6":0,"7":0,"8":0,"9":0,"10":0,"11":0,"12":0,"13":0,"14":0,"15":0,"16":0,"17":0,"18":0,"19":1,"20":1,"21":1,"22":1,"23":0,"24":0,"25":0,"26":0,"27":0,"28":0,"29":0,"30":0,"31":1,"32":1,"33":0,"34":0,"35":0,"36":1,"37":1},"f":{"0":0,"1":0,"2":1,"3":0,"4":1},"b":{"0":[0,0],"1":[0,0],"2":[1,0],"3":[0,0],"4":[0,0]}}
,"/Users/sophie/Desktop/Backend/src/controller/contactcontroller.ts": {"path":"/Users/sophie/Desktop/Backend/src/controller/contactcontroller.ts","statementMap":{"0":{"start":{"line":2,"column":0},"end":{"line":2,"column":49}},"1":{"start":{"line":3,"column":0},"end":{"line":3,"column":45}},"2":{"start":{"line":5,"column":0},"end":{"line":5,"column":44}},"3":{"start":{"line":9,"column":4},"end":{"line":23,"column":5}},"4":{"start":{"line":10,"column":21},"end":{"line":10,"column":41}},"5":{"start":{"line":11,"column":6},"end":{"line":20,"column":7}},"6":{"start":{"line":12,"column":8},"end":{"line":17,"column":10}},"7":{"start":{"line":19,"column":8},"end":{"line":19,"column":58}},"8":{"start":{"line":22,"column":6},"end":{"line":22,"column":62}},"9":{"start":{"line":27,"column":4},"end":{"line":37,"column":5}},"10":{"start":{"line":28,"column":22},"end":{"line":28,"column":59}},"11":{"start":{"line":30,"column":6},"end":{"line":34,"column":7}},"12":{"start":{"line":31,"column":8},"end":{"line":31,"column":59}},"13":{"start":{"line":33,"column":8},"end":{"line":33,"column":79}},"14":{"start":{"line":36,"column":6},"end":{"line":36,"column":62}},"15":{"start":{"line":41,"column":4},"end":{"line":54,"column":5}},"16":{"start":{"line":43,"column":23},"end":{"line":43,"column":44}},"17":{"start":{"line":44,"column":6},"end":{"line":44,"column":28}},"18":{"start":{"line":47,"column":6},"end":{"line":51,"column":7}},"19":{"start":{"line":48,"column":8},"end":{"line":48,"column":84}},"20":{"start":{"line":50,"column":8},"end":{"line":50,"column":65}},"21":{"start":{"line":53,"column":6},"end":{"line":53,"column":62}},"22":{"start":{"line":58,"column":4},"end":{"line":69,"column":5}},"23":{"start":{"line":59,"column":23},"end":{"line":61,"column":8}},"24":{"start":{"line":62,"column":6},"end":{"line":66,"column":7}},"25":{"start":{"line":63,"column":8},"end":{"line":63,"column":82}},"26":{"start":{"line":65,"column":8},"end":{"line":65,"column":59}},"27":{"start":{"line":68,"column":6},"end":{"line":68,"column":62}},"28":{"start":{"line":73,"column":4},"end":{"line":82,"column":5}},"29":{"start":{"line":74,"column":23},"end":{"line":74,"column":69}},"30":{"start":{"line":75,"column":6},"end":{"line":79,"column":7}},"31":{"start":{"line":76,"column":8},"end":{"line":76,"column":81}},"32":{"start":{"line":78,"column":8},"end":{"line":78,"column":59}},"33":{"start":{"line":81,"column":6},"end":{"line":81,"column":62}},"34":{"start":{"line":85,"column":0},"end":{"line":85,"column":33}}},"fnMap":{"0":{"name":"(anonymous_1)","decl":{"start":{"line":8,"column":9},"end":{"line":8,"column":15}},"loc":{"start":{"line":8,"column":58},"end":{"line":24,"column":3}}},"1":{"name":"(anonymous_2)","decl":{"start":{"line":26,"column":9},"end":{"line":26,"column":15}},"loc":{"start":{"line":26,"column":57},"end":{"line":38,"column":3}}},"2":{"name":"(anonymous_3)","decl":{"start":{"line":40,"column":9},"end":{"line":40,"column":15}},"loc":{"start":{"line":40,"column":63},"end":{"line":55,"column":3}}},"3":{"name":"(anonymous_4)","decl":{"start":{"line":57,"column":9},"end":{"line":57,"column":15}},"loc":{"start":{"line":57,"column":63},"end":{"line":70,"column":3}}},"4":{"name":"(anonymous_5)","decl":{"start":{"line":72,"column":9},"end":{"line":72,"column":15}},"loc":{"start":{"line":72,"column":63},"end":{"line":83,"column":3}}}},"branchMap":{"0":{"loc":{"start":{"line":11,"column":6},"end":{"line":20,"column":7}},"type":"if","locations":[{"start":{"line":11,"column":6},"end":{"line":20,"column":7}},{"start":{"line":18,"column":13},"end":{"line":20,"column":7}}]},"1":{"loc":{"start":{"line":30,"column":6},"end":{"line":34,"column":7}},"type":"if","locations":[{"start":{"line":30,"column":6},"end":{"line":34,"column":7}},{"start":{"line":32,"column":13},"end":{"line":34,"column":7}}]},"2":{"loc":{"start":{"line":47,"column":6},"end":{"line":51,"column":7}},"type":"if","locations":[{"start":{"line":47,"column":6},"end":{"line":51,"column":7}},{"start":{"line":49,"column":13},"end":{"line":51,"column":7}}]},"3":{"loc":{"start":{"line":62,"column":6},"end":{"line":66,"column":7}},"type":"if","locations":[{"start":{"line":62,"column":6},"end":{"line":66,"column":7}},{"start":{"line":64,"column":13},"end":{"line":66,"column":7}}]},"4":{"loc":{"start":{"line":75,"column":6},"end":{"line":79,"column":7}},"type":"if","locations":[{"start":{"line":75,"column":6},"end":{"line":79,"column":7}},{"start":{"line":77,"column":13},"end":{"line":79,"column":7}}]}},"s":{"0":1,"1":1,"2":1,"3":1,"4":1,"5":1,"6":1,"7":0,"8":0,"9":0,"10":0,"11":0,"12":0,"13":0,"14":0,"15":1,"16":1,"17":1,"18":0,"19":0,"20":0,"21":1,"22":0,"23":0,"24":0,"25":0,"26":0,"27":0,"28":1,"29":1,"30":0,"31":0,"32":0,"33":1,"34":1},"f":{"0":1,"1":0,"2":1,"3":0,"4":1},"b":{"0":[1,0],"1":[0,0],"2":[0,0],"3":[0,0],"4":[0,0]}}
,"/Users/sophie/Desktop/Backend/src/controller/usercontroller.ts": {"path":"/Users/sophie/Desktop/Backend/src/controller/usercontroller.ts","statementMap":{"0":{"start":{"line":2,"column":0},"end":{"line":2,"column":38}},"1":{"start":{"line":3,"column":0},"end":{"line":3,"column":49}},"2":{"start":{"line":4,"column":0},"end":{"line":4,"column":45}},"3":{"start":{"line":5,"column":0},"end":{"line":5,"column":28}},"4":{"start":{"line":6,"column":0},"end":{"line":6,"column":33}},"5":{"start":{"line":7,"column":0},"end":{"line":7,"column":42}},"6":{"start":{"line":12,"column":4},"end":{"line":26,"column":5}},"7":{"start":{"line":13,"column":20},"end":{"line":13,"column":37}},"8":{"start":{"line":14,"column":6},"end":{"line":23,"column":7}},"9":{"start":{"line":15,"column":8},"end":{"line":20,"column":10}},"10":{"start":{"line":22,"column":8},"end":{"line":22,"column":56}},"11":{"start":{"line":25,"column":6},"end":{"line":25,"column":62}},"12":{"start":{"line":30,"column":4},"end":{"line":40,"column":5}},"13":{"start":{"line":31,"column":19},"end":{"line":31,"column":53}},"14":{"start":{"line":33,"column":6},"end":{"line":37,"column":7}},"15":{"start":{"line":34,"column":8},"end":{"line":34,"column":56}},"16":{"start":{"line":36,"column":8},"end":{"line":36,"column":73}},"17":{"start":{"line":39,"column":6},"end":{"line":39,"column":62}},"18":{"start":{"line":44,"column":4},"end":{"line":57,"column":5}},"19":{"start":{"line":45,"column":35},"end":{"line":45,"column":73}},"20":{"start":{"line":46,"column":52},"end":{"line":46,"column":60}},"21":{"start":{"line":47,"column":19},"end":{"line":47,"column":82}},"22":{"start":{"line":48,"column":6},"end":{"line":48,"column":24}},"23":{"start":{"line":50,"column":6},"end":{"line":54,"column":7}},"24":{"start":{"line":51,"column":8},"end":{"line":51,"column":77}},"25":{"start":{"line":53,"column":8},"end":{"line":53,"column":62}},"26":{"start":{"line":56,"column":6},"end":{"line":56,"column":62}},"27":{"start":{"line":61,"column":4},"end":{"line":72,"column":5}},"28":{"start":{"line":62,"column":19},"end":{"line":64,"column":8}},"29":{"start":{"line":65,"column":6},"end":{"line":69,"column":7}},"30":{"start":{"line":66,"column":8},"end":{"line":66,"column":75}},"31":{"start":{"line":68,"column":8},"end":{"line":68,"column":56}},"32":{"start":{"line":71,"column":6},"end":{"line":71,"column":62}},"33":{"start":{"line":76,"column":4},"end":{"line":85,"column":5}},"34":{"start":{"line":77,"column":19},"end":{"line":77,"column":62}},"35":{"start":{"line":78,"column":6},"end":{"line":82,"column":7}},"36":{"start":{"line":79,"column":8},"end":{"line":79,"column":75}},"37":{"start":{"line":81,"column":8},"end":{"line":81,"column":56}},"38":{"start":{"line":84,"column":6},"end":{"line":84,"column":62}},"39":{"start":{"line":88,"column":6},"end":{"line":102,"column":7}},"40":{"start":{"line":89,"column":22},"end":{"line":89,"column":45}},"41":{"start":{"line":90,"column":8},"end":{"line":99,"column":9}},"42":{"start":{"line":91,"column":10},"end":{"line":96,"column":12}},"43":{"start":{"line":98,"column":10},"end":{"line":98,"column":60}},"44":{"start":{"line":101,"column":8},"end":{"line":101,"column":64}},"45":{"start":{"line":105,"column":32},"end":{"line":105,"column":40}},"46":{"start":{"line":106,"column":21},"end":{"line":106,"column":29}},"47":{"start":{"line":107,"column":4},"end":{"line":128,"column":5}},"48":{"start":{"line":108,"column":8},"end":{"line":110,"column":9}},"49":{"start":{"line":109,"column":12},"end":{"line":109,"column":71}},"50":{"start":{"line":111,"column":21},"end":{"line":111,"column":50}},"51":{"start":{"line":112,"column":8},"end":{"line":114,"column":9}},"52":{"start":{"line":113,"column":12},"end":{"line":113,"column":71}},"53":{"start":{"line":115,"column":32},"end":{"line":115,"column":75}},"54":{"start":{"line":116,"column":8},"end":{"line":118,"column":9}},"55":{"start":{"line":117,"column":12},"end":{"line":117,"column":71}},"56":{"start":{"line":119,"column":22},"end":{"line":119,"column":79}},"57":{"start":{"line":120,"column":8},"end":{"line":124,"column":9}},"58":{"start":{"line":121,"column":12},"end":{"line":121,"column":73}},"59":{"start":{"line":123,"column":12},"end":{"line":123,"column":70}},"60":{"start":{"line":126,"column":8},"end":{"line":126,"column":52}},"61":{"start":{"line":127,"column":8},"end":{"line":127,"column":63}},"62":{"start":{"line":134,"column":0},"end":{"line":134,"column":30}}},"fnMap":{"0":{"name":"(anonymous_1)","decl":{"start":{"line":11,"column":9},"end":{"line":11,"column":15}},"loc":{"start":{"line":11,"column":58},"end":{"line":27,"column":3}}},"1":{"name":"(anonymous_2)","decl":{"start":{"line":29,"column":9},"end":{"line":29,"column":15}},"loc":{"start":{"line":29,"column":57},"end":{"line":41,"column":3}}},"2":{"name":"(anonymous_3)","decl":{"start":{"line":43,"column":9},"end":{"line":43,"column":15}},"loc":{"start":{"line":43,"column":60},"end":{"line":58,"column":3}}},"3":{"name":"(anonymous_4)","decl":{"start":{"line":60,"column":9},"end":{"line":60,"column":15}},"loc":{"start":{"line":60,"column":60},"end":{"line":73,"column":3}}},"4":{"name":"(anonymous_5)","decl":{"start":{"line":75,"column":9},"end":{"line":75,"column":15}},"loc":{"start":{"line":75,"column":60},"end":{"line":86,"column":3}}},"5":{"name":"(anonymous_6)","decl":{"start":{"line":87,"column":11},"end":{"line":87,"column":17}},"loc":{"start":{"line":87,"column":63},"end":{"line":103,"column":5}}},"6":{"name":"(anonymous_7)","decl":{"start":{"line":104,"column":9},"end":{"line":104,"column":15}},"loc":{"start":{"line":104,"column":55},"end":{"line":131,"column":3}}}},"branchMap":{"0":{"loc":{"start":{"line":14,"column":6},"end":{"line":23,"column":7}},"type":"if","locations":[{"start":{"line":14,"column":6},"end":{"line":23,"column":7}},{"start":{"line":21,"column":13},"end":{"line":23,"column":7}}]},"1":{"loc":{"start":{"line":33,"column":6},"end":{"line":37,"column":7}},"type":"if","locations":[{"start":{"line":33,"column":6},"end":{"line":37,"column":7}},{"start":{"line":35,"column":13},"end":{"line":37,"column":7}}]},"2":{"loc":{"start":{"line":50,"column":6},"end":{"line":54,"column":7}},"type":"if","locations":[{"start":{"line":50,"column":6},"end":{"line":54,"column":7}},{"start":{"line":52,"column":13},"end":{"line":54,"column":7}}]},"3":{"loc":{"start":{"line":65,"column":6},"end":{"line":69,"column":7}},"type":"if","locations":[{"start":{"line":65,"column":6},"end":{"line":69,"column":7}},{"start":{"line":67,"column":13},"end":{"line":69,"column":7}}]},"4":{"loc":{"start":{"line":78,"column":6},"end":{"line":82,"column":7}},"type":"if","locations":[{"start":{"line":78,"column":6},"end":{"line":82,"column":7}},{"start":{"line":80,"column":13},"end":{"line":82,"column":7}}]},"5":{"loc":{"start":{"line":90,"column":8},"end":{"line":99,"column":9}},"type":"if","locations":[{"start":{"line":90,"column":8},"end":{"line":99,"column":9}},{"start":{"line":97,"column":15},"end":{"line":99,"column":9}}]},"6":{"loc":{"start":{"line":108,"column":8},"end":{"line":110,"column":9}},"type":"if","locations":[{"start":{"line":108,"column":8},"end":{"line":110,"column":9}}]},"7":{"loc":{"start":{"line":112,"column":8},"end":{"line":114,"column":9}},"type":"if","locations":[{"start":{"line":112,"column":8},"end":{"line":114,"column":9}}]},"8":{"loc":{"start":{"line":116,"column":8},"end":{"line":118,"column":9}},"type":"if","locations":[{"start":{"line":116,"column":8},"end":{"line":118,"column":9}}]},"9":{"loc":{"start":{"line":120,"column":8},"end":{"line":124,"column":9}},"type":"if","locations":[{"start":{"line":120,"column":8},"end":{"line":124,"column":9}},{"start":{"line":122,"column":15},"end":{"line":124,"column":9}}]}},"s":{"0":1,"1":1,"2":1,"3":1,"4":1,"5":1,"6":1,"7":1,"8":1,"9":1,"10":0,"11":0,"12":0,"13":0,"14":0,"15":0,"16":0,"17":0,"18":0,"19":0,"20":0,"21":0,"22":0,"23":0,"24":0,"25":0,"26":0,"27":1,"28":1,"29":0,"30":0,"31":0,"32":1,"33":1,"34":1,"35":0,"36":0,"37":0,"38":1,"39":0,"40":0,"41":0,"42":0,"43":0,"44":0,"45":1,"46":1,"47":1,"48":1,"49":0,"50":1,"51":1,"52":0,"53":1,"54":1,"55":0,"56":1,"57":1,"58":1,"59":0,"60":0,"61":0,"62":1},"f":{"0":1,"1":0,"2":0,"3":1,"4":1,"5":0,"6":1},"b":{"0":[1,0],"1":[0,0],"2":[0,0],"3":[0,0],"4":[0,0],"5":[0,0],"6":[0],"7":[0],"8":[0],"9":[1,0]}}
,"/Users/sophie/Desktop/Backend/src/middleware/datachecker.ts": {"path":"/Users/sophie/Desktop/Backend/src/middleware/datachecker.ts","statementMap":{"0":{"start":{"line":2,"column":0},"end":{"line":2,"column":38}},"1":{"start":{"line":3,"column":0},"end":{"line":3,"column":45}},"2":{"start":{"line":6,"column":45},"end":{"line":6,"column":53}},"3":{"start":{"line":7,"column":4},"end":{"line":19,"column":5}},"4":{"start":{"line":8,"column":8},"end":{"line":8,"column":null}},"5":{"start":{"line":9,"column":10},"end":{"line":19,"column":5}},"6":{"start":{"line":10,"column":8},"end":{"line":10,"column":null}},"7":{"start":{"line":11,"column":10},"end":{"line":19,"column":5}},"8":{"start":{"line":12,"column":8},"end":{"line":12,"column":null}},"9":{"start":{"line":14,"column":9},"end":{"line":19,"column":5}},"10":{"start":{"line":15,"column":8},"end":{"line":15,"column":null}},"11":{"start":{"line":18,"column":8},"end":{"line":18,"column":null}},"12":{"start":{"line":22,"column":22},"end":{"line":22,"column":30}},"13":{"start":{"line":23,"column":21},"end":{"line":23,"column":48}},"14":{"start":{"line":24,"column":8},"end":{"line":28,"column":9}},"15":{"start":{"line":25,"column":12},"end":{"line":25,"column":null}},"16":{"start":{"line":27,"column":12},"end":{"line":27,"column":null}},"17":{"start":{"line":31,"column":9},"end":{"line":31,"column":20}}},"fnMap":{"0":{"name":"(anonymous_1)","decl":{"start":{"line":5,"column":11},"end":{"line":5,"column":17}},"loc":{"start":{"line":5,"column":82},"end":{"line":20,"column":5}}},"1":{"name":"(anonymous_2)","decl":{"start":{"line":21,"column":11},"end":{"line":21,"column":17}},"loc":{"start":{"line":21,"column":77},"end":{"line":29,"column":5}}}},"branchMap":{"0":{"loc":{"start":{"line":7,"column":4},"end":{"line":19,"column":5}},"type":"if","locations":[{"start":{"line":7,"column":4},"end":{"line":19,"column":5}},{"start":{"line":9,"column":10},"end":{"line":19,"column":5}}]},"1":{"loc":{"start":{"line":9,"column":10},"end":{"line":19,"column":5}},"type":"if","locations":[{"start":{"line":9,"column":10},"end":{"line":19,"column":5}},{"start":{"line":11,"column":10},"end":{"line":19,"column":5}}]},"2":{"loc":{"start":{"line":11,"column":10},"end":{"line":19,"column":5}},"type":"if","locations":[{"start":{"line":11,"column":10},"end":{"line":19,"column":5}},{"start":{"line":14,"column":9},"end":{"line":19,"column":5}}]},"3":{"loc":{"start":{"line":14,"column":9},"end":{"line":19,"column":5}},"type":"if","locations":[{"start":{"line":14,"column":9},"end":{"line":19,"column":5}},{"start":{"line":17,"column":8},"end":{"line":19,"column":5}}]},"4":{"loc":{"start":{"line":24,"column":8},"end":{"line":28,"column":9}},"type":"if","locations":[{"start":{"line":24,"column":8},"end":{"line":28,"column":9}},{"start":{"line":26,"column":14},"end":{"line":28,"column":9}}]}},"s":{"0":1,"1":1,"2":1,"3":1,"4":0,"5":1,"6":0,"7":1,"8":0,"9":1,"10":0,"11":1,"12":1,"13":1,"14":1,"15":1,"16":0,"17":1},"f":{"0":1,"1":1},"b":{"0":[0,1],"1":[0,1],"2":[0,1],"3":[0,1],"4":[1,0]}}
,"/Users/sophie/Desktop/Backend/src/middleware/multer.ts": {"path":"/Users/sophie/Desktop/Backend/src/middleware/multer.ts","statementMap":{"0":{"start":{"line":1,"column":0},"end":{"line":1,"column":28}},"1":{"start":{"line":2,"column":0},"end":{"line":2,"column":24}},"2":{"start":{"line":4,"column":16},"end":{"line":9,"column":2}},"3":{"start":{"line":7,"column":4},"end":{"line":7,"column":82}},"4":{"start":{"line":10,"column":19},"end":{"line":16,"column":1}},"5":{"start":{"line":11,"column":2},"end":{"line":15,"column":3}},"6":{"start":{"line":12,"column":4},"end":{"line":12,"column":19}},"7":{"start":{"line":14,"column":4},"end":{"line":14,"column":66}},"8":{"start":{"line":17,"column":15},"end":{"line":17,"column":45}},"9":{"start":{"line":18,"column":0},"end":{"line":18,"column":22}}},"fnMap":{"0":{"name":"(anonymous_1)","decl":{"start":{"line":6,"column":12},"end":{"line":6,"column":13}},"loc":{"start":{"line":6,"column":30},"end":{"line":8,"column":3}}},"1":{"name":"(anonymous_2)","decl":{"start":{"line":10,"column":19},"end":{"line":10,"column":20}},"loc":{"start":{"line":10,"column":80},"end":{"line":16,"column":1}}}},"branchMap":{"0":{"loc":{"start":{"line":11,"column":2},"end":{"line":15,"column":3}},"type":"if","locations":[{"start":{"line":11,"column":2},"end":{"line":15,"column":3}},{"start":{"line":13,"column":9},"end":{"line":15,"column":3}}]}},"s":{"0":1,"1":1,"2":1,"3":0,"4":1,"5":0,"6":0,"7":0,"8":1,"9":1},"f":{"0":0,"1":0},"b":{"0":[0,0]}}
,"/Users/sophie/Desktop/Backend/src/middleware/verifyAcess.ts": {"path":"/Users/sophie/Desktop/Backend/src/middleware/verifyAcess.ts","statementMap":{"0":{"start":{"line":2,"column":0},"end":{"line":2,"column":73}},"1":{"start":{"line":3,"column":0},"end":{"line":3,"column":45}},"2":{"start":{"line":20,"column":21},"end":{"line":47,"column":1}},"3":{"start":{"line":21,"column":4},"end":{"line":46,"column":6}},"4":{"start":{"line":22,"column":22},"end":{"line":22,"column":47}},"5":{"start":{"line":23,"column":8},"end":{"line":25,"column":9}},"6":{"start":{"line":24,"column":12},"end":{"line":24,"column":69}},"7":{"start":{"line":26,"column":26},"end":{"line":26,"column":48}},"8":{"start":{"line":27,"column":8},"end":{"line":29,"column":9}},"9":{"start":{"line":28,"column":12},"end":{"line":28,"column":71}},"10":{"start":{"line":30,"column":8},"end":{"line":45,"column":9}},"11":{"start":{"line":31,"column":32},"end":{"line":31,"column":75}},"12":{"start":{"line":32,"column":12},"end":{"line":32,"column":35}},"13":{"start":{"line":33,"column":12},"end":{"line":37,"column":13}},"14":{"start":{"line":34,"column":16},"end":{"line":34,"column":71}},"15":{"start":{"line":36,"column":16},"end":{"line":36,"column":23}},"16":{"start":{"line":39,"column":12},"end":{"line":43,"column":13}},"17":{"start":{"line":40,"column":16},"end":{"line":40,"column":63}},"18":{"start":{"line":41,"column":19},"end":{"line":43,"column":13}},"19":{"start":{"line":42,"column":16},"end":{"line":42,"column":63}},"20":{"start":{"line":44,"column":13},"end":{"line":44,"column":null}},"21":{"start":{"line":48,"column":0},"end":{"line":48,"column":28}}},"fnMap":{"0":{"name":"(anonymous_7)","decl":{"start":{"line":20,"column":21},"end":{"line":20,"column":22}},"loc":{"start":{"line":20,"column":42},"end":{"line":47,"column":1}}},"1":{"name":"(anonymous_8)","decl":{"start":{"line":21,"column":11},"end":{"line":21,"column":12}},"loc":{"start":{"line":21,"column":63},"end":{"line":46,"column":5}}}},"branchMap":{"0":{"loc":{"start":{"line":23,"column":8},"end":{"line":25,"column":9}},"type":"if","locations":[{"start":{"line":23,"column":8},"end":{"line":25,"column":9}}]},"1":{"loc":{"start":{"line":23,"column":12},"end":{"line":23,"column":42}},"type":"binary-expr","locations":[{"start":{"line":23,"column":12},"end":{"line":23,"column":18}},{"start":{"line":23,"column":22},"end":{"line":23,"column":42}}]},"2":{"loc":{"start":{"line":27,"column":8},"end":{"line":29,"column":9}},"type":"if","locations":[{"start":{"line":27,"column":8},"end":{"line":29,"column":9}}]},"3":{"loc":{"start":{"line":33,"column":12},"end":{"line":37,"column":13}},"type":"if","locations":[{"start":{"line":33,"column":12},"end":{"line":37,"column":13}},{"start":{"line":35,"column":19},"end":{"line":37,"column":13}}]},"4":{"loc":{"start":{"line":39,"column":12},"end":{"line":43,"column":13}},"type":"if","locations":[{"start":{"line":39,"column":12},"end":{"line":43,"column":13}},{"start":{"line":41,"column":19},"end":{"line":43,"column":13}}]},"5":{"loc":{"start":{"line":41,"column":19},"end":{"line":43,"column":13}},"type":"if","locations":[{"start":{"line":41,"column":19},"end":{"line":43,"column":13}}]}},"s":{"0":1,"1":1,"2":1,"3":6,"4":3,"5":3,"6":0,"7":3,"8":3,"9":0,"10":3,"11":3,"12":3,"13":3,"14":0,"15":3,"16":0,"17":0,"18":0,"19":0,"20":0,"21":1},"f":{"0":6,"1":3},"b":{"0":[0],"1":[3,3],"2":[0],"3":[0,3],"4":[0,0],"5":[0]}}
,"/Users/sophie/Desktop/Backend/src/models/Blog.ts": {"path":"/Users/sophie/Desktop/Backend/src/models/Blog.ts","statementMap":{"0":{"start":{"line":1,"column":0},"end":{"line":1,"column":32}},"1":{"start":{"line":3,"column":19},"end":{"line":17,"column":2}},"2":{"start":{"line":19,"column":13},"end":{"line":19,"column":55}}},"fnMap":{},"branchMap":{},"s":{"0":1,"1":1,"2":1},"f":{},"b":{}}
,"/Users/sophie/Desktop/Backend/src/models/comment.ts": {"path":"/Users/sophie/Desktop/Backend/src/models/comment.ts","statementMap":{"0":{"start":{"line":1,"column":0},"end":{"line":1,"column":32}},"1":{"start":{"line":2,"column":22},"end":{"line":12,"column":2}},"2":{"start":{"line":14,"column":13},"end":{"line":14,"column":63}}},"fnMap":{},"branchMap":{},"s":{"0":1,"1":1,"2":1},"f":{},"b":{}}
,"/Users/sophie/Desktop/Backend/src/models/contact.ts": {"path":"/Users/sophie/Desktop/Backend/src/models/contact.ts","statementMap":{"0":{"start":{"line":1,"column":0},"end":{"line":1,"column":32}},"1":{"start":{"line":3,"column":22},"end":{"line":16,"column":2}},"2":{"start":{"line":18,"column":13},"end":{"line":18,"column":64}}},"fnMap":{},"branchMap":{},"s":{"0":1,"1":1,"2":1},"f":{},"b":{}}
,"/Users/sophie/Desktop/Backend/src/models/user.ts": {"path":"/Users/sophie/Desktop/Backend/src/models/user.ts","statementMap":{"0":{"start":{"line":1,"column":0},"end":{"line":1,"column":32}},"1":{"start":{"line":3,"column":19},"end":{"line":25,"column":2}},"2":{"start":{"line":27,"column":13},"end":{"line":27,"column":55}}},"fnMap":{},"branchMap":{},"s":{"0":1,"1":1,"2":1},"f":{},"b":{}}
,"/Users/sophie/Desktop/Backend/src/router/blogRouter.ts": {"path":"/Users/sophie/Desktop/Backend/src/router/blogRouter.ts","statementMap":{"0":{"start":{"line":1,"column":0},"end":{"line":1,"column":42}},"1":{"start":{"line":2,"column":0},"end":{"line":2,"column":58}},"2":{"start":{"line":3,"column":0},"end":{"line":3,"column":53}},"3":{"start":{"line":4,"column":0},"end":{"line":4,"column":41}},"4":{"start":{"line":6,"column":27},"end":{"line":6,"column":43}},"5":{"start":{"line":8,"column":0},"end":{"line":8,"column":44}},"6":{"start":{"line":9,"column":0},"end":{"line":9,"column":47}},"7":{"start":{"line":10,"column":0},"end":{"line":10,"column":92}},"8":{"start":{"line":11,"column":0},"end":{"line":11,"column":50}},"9":{"start":{"line":12,"column":0},"end":{"line":12,"column":53}},"10":{"start":{"line":15,"column":0},"end":{"line":15,"column":26}}},"fnMap":{},"branchMap":{},"s":{"0":1,"1":1,"2":1,"3":1,"4":1,"5":1,"6":1,"7":1,"8":1,"9":1,"10":1},"f":{},"b":{}}
,"/Users/sophie/Desktop/Backend/src/router/commentRouter.ts": {"path":"/Users/sophie/Desktop/Backend/src/router/commentRouter.ts","statementMap":{"0":{"start":{"line":1,"column":0},"end":{"line":1,"column":38}},"1":{"start":{"line":2,"column":0},"end":{"line":2,"column":65}},"2":{"start":{"line":3,"column":0},"end":{"line":3,"column":51}},"3":{"start":{"line":5,"column":27},"end":{"line":5,"column":43}},"4":{"start":{"line":7,"column":0},"end":{"line":7,"column":null}},"5":{"start":{"line":8,"column":0},"end":{"line":8,"column":120}},"6":{"start":{"line":9,"column":0},"end":{"line":9,"column":null}},"7":{"start":{"line":10,"column":0},"end":{"line":10,"column":null}},"8":{"start":{"line":11,"column":0},"end":{"line":11,"column":null}},"9":{"start":{"line":14,"column":0},"end":{"line":14,"column":null}}},"fnMap":{},"branchMap":{},"s":{"0":1,"1":1,"2":1,"3":1,"4":1,"5":1,"6":1,"7":1,"8":1,"9":1},"f":{},"b":{}}
,"/Users/sophie/Desktop/Backend/src/router/contactRouter.ts": {"path":"/Users/sophie/Desktop/Backend/src/router/contactRouter.ts","statementMap":{"0":{"start":{"line":1,"column":0},"end":{"line":1,"column":42}},"1":{"start":{"line":2,"column":0},"end":{"line":2,"column":64}},"2":{"start":{"line":4,"column":30},"end":{"line":4,"column":46}},"3":{"start":{"line":6,"column":0},"end":{"line":6,"column":51}},"4":{"start":{"line":7,"column":0},"end":{"line":7,"column":53}},"5":{"start":{"line":8,"column":0},"end":{"line":8,"column":57}},"6":{"start":{"line":9,"column":0},"end":{"line":9,"column":59}},"7":{"start":{"line":10,"column":0},"end":{"line":10,"column":62}},"8":{"start":{"line":13,"column":0},"end":{"line":13,"column":29}}},"fnMap":{},"branchMap":{},"s":{"0":1,"1":1,"2":1,"3":1,"4":1,"5":1,"6":1,"7":1,"8":1},"f":{},"b":{}}
,"/Users/sophie/Desktop/Backend/src/router/index.ts": {"path":"/Users/sophie/Desktop/Backend/src/router/index.ts","statementMap":{"0":{"start":{"line":1,"column":0},"end":{"line":1,"column":42}},"1":{"start":{"line":2,"column":0},"end":{"line":2,"column":38}},"2":{"start":{"line":3,"column":0},"end":{"line":3,"column":38}},"3":{"start":{"line":4,"column":0},"end":{"line":4,"column":44}},"4":{"start":{"line":5,"column":0},"end":{"line":5,"column":43}},"5":{"start":{"line":7,"column":23},"end":{"line":7,"column":39}},"6":{"start":{"line":9,"column":0},"end":{"line":11,"column":null}},"7":{"start":{"line":12,"column":0},"end":{"line":14,"column":4}},"8":{"start":{"line":15,"column":0},"end":{"line":17,"column":null}},"9":{"start":{"line":18,"column":0},"end":{"line":20,"column":null}},"10":{"start":{"line":22,"column":0},"end":{"line":22,"column":22}}},"fnMap":{},"branchMap":{},"s":{"0":1,"1":1,"2":1,"3":1,"4":1,"5":1,"6":1,"7":1,"8":1,"9":1,"10":1},"f":{},"b":{}}
,"/Users/sophie/Desktop/Backend/src/router/userRouter.ts": {"path":"/Users/sophie/Desktop/Backend/src/router/userRouter.ts","statementMap":{"0":{"start":{"line":1,"column":0},"end":{"line":1,"column":42}},"1":{"start":{"line":2,"column":0},"end":{"line":2,"column":54}},"2":{"start":{"line":3,"column":0},"end":{"line":3,"column":56}},"3":{"start":{"line":5,"column":23},"end":{"line":5,"column":39}},"4":{"start":{"line":7,"column":0},"end":{"line":7,"column":37}},"5":{"start":{"line":8,"column":0},"end":{"line":8,"column":39}},"6":{"start":{"line":9,"column":0},"end":{"line":9,"column":88}},"7":{"start":{"line":10,"column":0},"end":{"line":10,"column":42}},"8":{"start":{"line":11,"column":0},"end":{"line":11,"column":45}},"9":{"start":{"line":12,"column":0},"end":{"line":12,"column":39}},"10":{"start":{"line":13,"column":0},"end":{"line":13,"column":43}},"11":{"start":{"line":14,"column":0},"end":{"line":14,"column":22}}},"fnMap":{},"branchMap":{},"s":{"0":1,"1":1,"2":1,"3":1,"4":1,"5":1,"6":1,"7":1,"8":1,"9":1,"10":1,"11":1},"f":{},"b":{}}
,"/Users/sophie/Desktop/Backend/src/utils/errormsg.ts": {"path":"/Users/sophie/Desktop/Backend/src/utils/errormsg.ts","statementMap":{"0":{"start":{"line":3,"column":21},"end":{"line":7,"column":1}},"1":{"start":{"line":4,"column":4},"end":{"line":6,"column":7}},"2":{"start":{"line":9,"column":0},"end":{"line":9,"column":28}}},"fnMap":{"0":{"name":"(anonymous_0)","decl":{"start":{"line":3,"column":21},"end":{"line":3,"column":22}},"loc":{"start":{"line":3,"column":78},"end":{"line":7,"column":1}}}},"branchMap":{},"s":{"0":1,"1":7,"2":1},"f":{"0":7},"b":{}}
,"/Users/sophie/Desktop/Backend/src/utils/successmsg.ts": {"path":"/Users/sophie/Desktop/Backend/src/utils/successmsg.ts","statementMap":{"0":{"start":{"line":3,"column":23},"end":{"line":8,"column":1}},"1":{"start":{"line":4,"column":4},"end":{"line":7,"column":7}},"2":{"start":{"line":10,"column":0},"end":{"line":10,"column":30}}},"fnMap":{"0":{"name":"(anonymous_0)","decl":{"start":{"line":3,"column":23},"end":{"line":3,"column":24}},"loc":{"start":{"line":3,"column":91},"end":{"line":8,"column":1}}}},"branchMap":{},"s":{"0":1,"1":8,"2":1},"f":{"0":8},"b":{}}
,"/Users/sophie/Desktop/Backend/src/utils/token.ts": {"path":"/Users/sophie/Desktop/Backend/src/utils/token.ts","statementMap":{"0":{"start":{"line":3,"column":21},"end":{"line":8,"column":1}},"1":{"start":{"line":4,"column":4},"end":{"line":7,"column":7}},"2":{"start":{"line":10,"column":0},"end":{"line":10,"column":28}}},"fnMap":{"0":{"name":"(anonymous_0)","decl":{"start":{"line":3,"column":21},"end":{"line":3,"column":22}},"loc":{"start":{"line":3,"column":92},"end":{"line":8,"column":1}}}},"branchMap":{},"s":{"0":1,"1":1,"2":1},"f":{"0":1},"b":{}}
}
